2014/06/05 15:19:03 にビルドを開始しました。
     1>ノード 2 上のプロジェクト "C:\Projects\Imd-lab_win\Kinect_v1\DetectHeadFromDepth\DetectHeadFromDepth\DetectHeadFromDepth.vcxproj" (Build ターゲット)。
     1>ClCompile:
         C:\Program Files (x86)\Microsoft Visual Studio 11.0\VC\bin\CL.exe /c /IC:\opencv249\opencv\build\include /I"C:\Program Files\Microsoft SDKs\Kinect\v1.8\\inc" /Zi /nologo /W3 /WX- /sdl /O2 /Oi /Oy- /GL /D WIN32 /D NDEBUG /D _CONSOLE /D _UNICODE /D UNICODE /Gm- /EHsc /MD /GS /Gy /fp:precise /Zc:wchar_t /Zc:forScope /Yu"stdafx.h" /Fp"Release\DetectHeadFromDepth.pch" /Fo"Release\\" /Fd"Release\vc110.pdb" /Gd /TP /analyze- /errorReport:prompt DetectHeadFromDepth.cpp
         DetectHeadFromDepth.cpp
     1>DetectHeadFromDepth.cpp(144): warning C4018: '<' : signed と unsigned の数値を比較しようとしました。
     1>DetectHeadFromDepth.cpp(247): warning C4018: '<' : signed と unsigned の数値を比較しようとしました。
     1>DetectHeadFromDepth.cpp(262): warning C4244: '引数' : 'float' から 'int' への変換です。データが失われる可能性があります。
     1>DetectHeadFromDepth.cpp(292): warning C4018: '<' : signed と unsigned の数値を比較しようとしました。
     1>DetectHeadFromDepth.cpp(406): warning C4018: '<' : signed と unsigned の数値を比較しようとしました。
     1>DetectHeadFromDepth.cpp(407): warning C4018: '<' : signed と unsigned の数値を比較しようとしました。
       Link:
         C:\Program Files (x86)\Microsoft Visual Studio 11.0\VC\bin\link.exe /ERRORREPORT:PROMPT /OUT:"C:\Projects\Imd-lab_win\Kinect_v1\DetectHeadFromDepth\Release\DetectHeadFromDepth.exe" /INCREMENTAL:NO /NOLOGO kernel32.lib user32.lib gdi32.lib winspool.lib comdlg32.lib advapi32.lib shell32.lib ole32.lib oleaut32.lib uuid.lib odbc32.lib odbccp32.lib /MANIFEST /MANIFESTUAC:"level='asInvoker' uiAccess='false'" /manifest:embed /DEBUG /PDB:"C:\Projects\Imd-lab_win\Kinect_v1\DetectHeadFromDepth\Release\DetectHeadFromDepth.pdb" /SUBSYSTEM:CONSOLE /OPT:REF /OPT:ICF /LTCG /TLBID:1 /DYNAMICBASE /NXCOMPAT /IMPLIB:"C:\Projects\Imd-lab_win\Kinect_v1\DetectHeadFromDepth\Release\DetectHeadFromDepth.lib" /MACHINE:X86 /SAFESEH Release\DetectHeadFromDepth.obj
         Release\stdafx.obj
         コード生成しています。
         コード生成が終了しました。
         DetectHeadFromDepth.vcxproj -> C:\Projects\Imd-lab_win\Kinect_v1\DetectHeadFromDepth\Release\DetectHeadFromDepth.exe
     1>プロジェクト "C:\Projects\Imd-lab_win\Kinect_v1\DetectHeadFromDepth\DetectHeadFromDepth\DetectHeadFromDepth.vcxproj" (Build ターゲット) のビルドが完了しました。

ビルドに成功しました。

経過時間 00:00:00.96
