2014/05/02 0:10:56 にビルドを開始しました。
     1>ノード 2 上のプロジェクト "D:\Users\tatsuya-fi\Workspace\Kinect for Windows v1\KinectFusionColorBasics-D2D\KinectFusionColorBasics-D2D.vcxproj" (Build ターゲット)。
     1>ClCompile:
         D:\Program Files (x86)\Microsoft Visual Studio 12.0\VC\bin\CL.exe /c /ID:\opencv248\opencv\build\include /IC:\ARToolKit\include /ZI /nologo /W3 /WX- /Od /Oy- /D WIN32 /D _DEBUG /D _WINDOWS /D _UNICODE /D UNICODE /Gm /EHsc /RTC1 /MDd /GS /fp:precise /Zc:wchar_t /Zc:forScope /Fo"Debug\\" /Fd"Debug\vc120.pdb" /Gd /TP /analyze- /errorReport:prompt KinectFusionColorBasics.cpp
         KinectFusionColorBasics.cpp
     1>d:\users\tatsuya-fi\workspace\kinect for windows v1\kinectfusioncolorbasics-d2d\kinectfusioncolorbasics.h(286): warning C4305: '初期化中' : 'double' から 'const float' へ切り詰めます。
     1>d:\users\tatsuya-fi\workspace\kinect for windows v1\kinectfusioncolorbasics-d2d\kinectfusioncolorbasics.h(287): warning C4305: '初期化中' : 'double' から 'const float' へ切り詰めます。
     1>d:\users\tatsuya-fi\workspace\kinect for windows v1\kinectfusioncolorbasics-d2d\kinectfusioncolorbasics.h(288): warning C4305: '初期化中' : 'double' から 'const float' へ切り詰めます。
     1>d:\users\tatsuya-fi\workspace\kinect for windows v1\kinectfusioncolorbasics-d2d\kinectfusioncolorbasics.cpp(111): warning C4244: '=' : 'double' から 'UINT' への変換です。データが失われる可能性があります。
       Link:
         D:\Program Files (x86)\Microsoft Visual Studio 12.0\VC\bin\link.exe /ERRORREPORT:PROMPT /OUT:"D:\Users\tatsuya-fi\Workspace\Kinect for Windows v1\KinectFusionColorBasics-D2D\Debug\KinectFusionColorBasics-D2D.exe" /INCREMENTAL /NOLOGO Kinect10.lib KinectFusion180_32.lib kernel32.lib user32.lib gdi32.lib winspool.lib comdlg32.lib advapi32.lib shell32.lib ole32.lib oleaut32.lib uuid.lib odbc32.lib odbccp32.lib /MANIFEST /MANIFESTUAC:"level='asInvoker' uiAccess='false'" /manifest:embed /DEBUG /PDB:"D:\Users\tatsuya-fi\Workspace\Kinect for Windows v1\KinectFusionColorBasics-D2D\Debug\KinectFusionColorBasics-D2D.pdb" /SUBSYSTEM:WINDOWS /STACK:"10000000","10000000" /TLBID:1 /DYNAMICBASE /NXCOMPAT /IMPLIB:"D:\Users\tatsuya-fi\Workspace\Kinect for Windows v1\KinectFusionColorBasics-D2D\Debug\KinectFusionColorBasics-D2D.lib" /MACHINE:X86 "Debug\KinectFusionColorBasics-D2D.res"
         Debug\DepthMat.obj
         Debug\ImageRenderer.obj
         Debug\KinectFusionColorBasics.obj
         Debug\Timer.obj
         KinectFusionColorBasics-D2D.vcxproj -> D:\Users\tatsuya-fi\Workspace\Kinect for Windows v1\KinectFusionColorBasics-D2D\Debug\KinectFusionColorBasics-D2D.exe
       PostBuildEvent:
         xcopy /C /Y "C:\Program Files\Microsoft SDKs\Kinect\Developer Toolkit v1.8.0\Redist\x86\KinectFusion180_32.dll" "D:\Users\tatsuya-fi\Workspace\Kinect for Windows v1\KinectFusionColorBasics-D2D\Debug\"
         :VCEnd
         C:\Program Files\Microsoft SDKs\Kinect\Developer Toolkit v1.8.0\Redist\x86\KinectFusion180_32.dll
         1 個のファイルをコピーしました
     1>プロジェクト "D:\Users\tatsuya-fi\Workspace\Kinect for Windows v1\KinectFusionColorBasics-D2D\KinectFusionColorBasics-D2D.vcxproj" (Build ターゲット) のビルドが完了しました。

ビルドに成功しました。

経過時間 00:00:02.21
